<?xml version='1.0' encoding='UTF-8'?>
<testsuite hostname="EPHUSZEW0326" name="quickcheck.QuickCheckSuite" tests="6" errors="0" failures="0" time="0.218">
                     <properties>
[...]
</properties>
                     <testcase classname="quickcheck.QuickCheckSuite" name="Binomial heap satisfies properties" time="0.143">
                                                 
                                               </testcase><testcase classname="quickcheck.QuickCheckSuite" name="Bogus (1) binomial heap does not satisfy properties" time="0.031">
                                                 
                                               </testcase><testcase classname="quickcheck.QuickCheckSuite" name="Bogus (2) binomial heap does not satisfy properties" time="0.033">
                                                 
                                               </testcase><testcase classname="quickcheck.QuickCheckSuite" name="Bogus (3) binomial heap does not satisfy properties" time="0.004">
                                                 
                                               </testcase><testcase classname="quickcheck.QuickCheckSuite" name="Bogus (4) binomial heap does not satisfy properties" time="0.004">
                                                 
                                               </testcase><testcase classname="quickcheck.QuickCheckSuite" name="Bogus (5) binomial heap does not satisfy properties" time="0.003">
                                                 
                                               </testcase>
                     <system-out></system-out>
                     <system-err></system-err>
                   </testsuite>